# JRE version: OpenJDK Runtime Environment Temurin-21.0.12.1+1 (21.0.12.1+1) (build 21.0.12.1+1-LTS)
# Java VM: OpenJDK 64-Bit Server VM Temurin-21.0.12.1+1 (21.0.12.1+1-LTS, mixed mode, sharing, tiered, compressed oops, compressed class ptrs, parallel gc, windows-amd64)
GC Precious Log:
 CardTable entry size: 512
 CPUs: 8 total, 8 available
 Memory: 3971M
 Large Page Support: Disabled
 NUMA Support: Disabled
 Compressed Oops: Enabled (32-bit)
 Alignments: Space 512K, Generation 512K, Heap 2M
 Heap Min Capacity: 100M
 Heap Initial Capacity: 100M
 Heap Max Capacity: 2G
 Pre-touch: Disabled
 Parallel Workers: 8
Heap:
 PSYoungGen      total 14848K, used 1358K [0x00000000d5580000, 0x00000000d6800000, 0x0000000100000000)
  eden space 14336K, 5% used [0x00000000d5580000,0x00000000d5655218,0x00000000d6380000)
  from space 512K, 98% used [0x00000000d6680000,0x00000000d66fe920,0x00000000d6700000)
  to   space 1024K, 0% used [0x00000000d6700000,0x00000000d6700000,0x00000000d6800000)
 ParOldGen       total 71680K, used 58364K [0x0000000080000000, 0x0000000084600000, 0x00000000d5580000)
  object space 71680K, 81% used [0x0000000080000000,0x00000000838ff150,0x0000000084600000)
 Metaspace       used 60056K, committed 61504K, reserved 1114112K
  class space    used 6394K, committed 7040K, reserved 1048576K
GC Heap History (20 events):
Event: 67.407 GC heap before
{Heap before GC invocations=57 (full 2):
 PSYoungGen      total 14848K, used 14834K [0x00000000d5580000, 0x00000000d6a80000, 0x0000000100000000)
  eden space 14336K, 100% used [0x00000000d5580000,0x00000000d6380000,0x00000000d6380000)
  from space 512K, 97% used [0x00000000d6a00000,0x00000000d6a7c9e8,0x00000000d6a80000)
  to   space 2048K, 0% used [0x00000000d6680000,0x00000000d6680000,0x00000000d6880000)
 ParOldGen       total 69632K, used 69327K [0x0000000080000000, 0x0000000084400000, 0x00000000d5580000)
  object space 69632K, 99% used [0x0000000080000000,0x00000000843b3f68,0x0000000084400000)
 Metaspace       used 56883K, committed 58304K, reserved 1114112K
  class space    used 6118K, committed 6720K, reserved 1048576K
}
Event: 67.409 GC heap after
{Heap after GC invocations=57 (full 2):
 PSYoungGen      total 16384K, used 786K [0x00000000d5580000, 0x00000000d6a80000, 0x0000000100000000)
  eden space 14336K, 0% used [0x00000000d5580000,0x00000000d5580000,0x00000000d6380000)
  from space 2048K, 38% used [0x00000000d6680000,0x00000000d6744b48,0x00000000d6880000)
  to   space 1536K, 0% used [0x00000000d6900000,0x00000000d6900000,0x00000000d6a80000)
 ParOldGen       total 70144K, used 69680K [0x0000000080000000, 0x0000000084480000, 0x00000000d5580000)
  object space 70144K, 99% used [0x0000000080000000,0x000000008440c048,0x0000000084480000)
 Metaspace       used 56883K, committed 58304K, reserved 1114112K
  class space    used 6118K, committed 6720K, reserved 1048576K
}
Event: 67.754 GC heap before
{Heap before GC invocations=58 (full 2):
 PSYoungGen      total 16384K, used 15122K [0x00000000d5580000, 0x00000000d6a80000, 0x0000000100000000)
  eden space 14336K, 100% used [0x00000000d5580000,0x00000000d6380000,0x00000000d6380000)
  from space 2048K, 38% used [0x00000000d6680000,0x00000000d6744b48,0x00000000d6880000)
  to   space 1536K, 0% used [0x00000000d6900000,0x00000000d6900000,0x00000000d6a80000)
 ParOldGen       total 70144K, used 69680K [0x0000000080000000, 0x0000000084480000, 0x00000000d5580000)
  object space 70144K, 99% used [0x0000000080000000,0x000000008440c048,0x0000000084480000)
 Metaspace       used 57249K, committed 58688K, reserved 1114112K
  class space    used 6159K, committed 6784K, reserved 1048576K
}
Event: 67.762 GC heap after
{Heap after GC invocations=58 (full 2):
 PSYoungGen      total 15360K, used 671K [0x00000000d5580000, 0x00000000d6a00000, 0x0000000100000000)
  eden space 14336K, 0% used [0x00000000d5580000,0x00000000d5580000,0x00000000d6380000)
  from space 1024K, 65% used [0x00000000d6900000,0x00000000d69a7ff0,0x00000000d6a00000)
  to   space 1024K, 0% used [0x00000000d6800000,0x00000000d6800000,0x00000000d6900000)
 ParOldGen       total 70656K, used 70327K [0x0000000080000000, 0x0000000084500000, 0x00000000d5580000)
  object space 70656K, 99% used [0x0000000080000000,0x00000000844adc48,0x0000000084500000)
 Metaspace       used 57249K, committed 58688K, reserved 1114112K
  class space    used 6159K, committed 6784K, reserved 1048576K
}
Event: 68.801 GC heap before
{Heap before GC invocations=59 (full 2):
 PSYoungGen      total 15360K, used 14256K [0x00000000d5580000, 0x00000000d6a00000, 0x0000000100000000)
  eden space 14336K, 94% used [0x00000000d5580000,0x00000000d62c4020,0x00000000d6380000)
  from space 1024K, 65% used [0x00000000d6900000,0x00000000d69a7ff0,0x00000000d6a00000)
  to   space 1024K, 0% used [0x00000000d6800000,0x00000000d6800000,0x00000000d6900000)
 ParOldGen       total 70656K, used 70327K [0x0000000080000000, 0x0000000084500000, 0x00000000d5580000)
  object space 70656K, 99% used [0x0000000080000000,0x00000000844adc48,0x0000000084500000)
 Metaspace       used 58430K, committed 59776K, reserved 1114112K
  class space    used 6254K, committed 6848K, reserved 1048576K
}
Event: 68.806 GC heap after
{Heap after GC invocations=59 (full 2):
 PSYoungGen      total 15360K, used 999K [0x00000000d5580000, 0x00000000d6980000, 0x0000000100000000)
  eden space 14336K, 0% used [0x00000000d5580000,0x00000000d5580000,0x00000000d6380000)
  from space 1024K, 97% used [0x00000000d6800000,0x00000000d68f9d90,0x00000000d6900000)
  to   space 512K, 0% used [0x00000000d6900000,0x00000000d6900000,0x00000000d6980000)
 ParOldGen       total 71680K, used 71222K [0x0000000080000000, 0x0000000084600000, 0x00000000d5580000)
  object space 71680K, 99% used [0x0000000080000000,0x000000008458d960,0x0000000084600000)
 Metaspace       used 58430K, committed 59776K, reserved 1114112K
  class space    used 6254K, committed 6848K, reserved 1048576K
}
Event: 68.806 GC heap before
{Heap before GC invocations=60 (full 3):
 PSYoungGen      total 15360K, used 999K [0x00000000d5580000, 0x00000000d6980000, 0x0000000100000000)
  eden space 14336K, 0% used [0x00000000d5580000,0x00000000d5580000,0x00000000d6380000)
  from space 1024K, 97% used [0x00000000d6800000,0x00000000d68f9d90,0x00000000d6900000)
  to   space 512K, 0% used [0x00000000d6900000,0x00000000d6900000,0x00000000d6980000)
 ParOldGen       total 71680K, used 71222K [0x0000000080000000, 0x0000000084600000, 0x00000000d5580000)
  object space 71680K, 99% used [0x0000000080000000,0x000000008458d960,0x0000000084600000)
 Metaspace       used 58430K, committed 59776K, reserved 1114112K
  class space    used 6254K, committed 6848K, reserved 1048576K
}
Event: 69.226 GC heap after
{Heap after GC invocations=60 (full 3):
 PSYoungGen      total 15360K, used 0K [0x00000000d5580000, 0x00000000d6980000, 0x0000000100000000)
  eden space 14336K, 0% used [0x00000000d5580000,0x00000000d5580000,0x00000000d6380000)
  from space 1024K, 0% used [0x00000000d6800000,0x00000000d6800000,0x00000000d6900000)
  to   space 512K, 0% used [0x00000000d6900000,0x00000000d6900000,0x00000000d6980000)
 ParOldGen       total 71680K, used 54055K [0x0000000080000000, 0x0000000084600000, 0x00000000d5580000)
  object space 71680K, 75% used [0x0000000080000000,0x00000000834c9d38,0x0000000084600000)
 Metaspace       used 58430K, committed 59776K, reserved 1114112K
  class space    used 6254K, committed 6848K, reserved 1048576K
}
Event: 70.341 GC heap before
{Heap before GC invocations=61 (full 3):
 PSYoungGen      total 15360K, used 14336K [0x00000000d5580000, 0x00000000d6980000, 0x0000000100000000)
  eden space 14336K, 100% used [0x00000000d5580000,0x00000000d6380000,0x00000000d6380000)
  from space 1024K, 0% used [0x00000000d6800000,0x00000000d6800000,0x00000000d6900000)
  to   space 512K, 0% used [0x00000000d6900000,0x00000000d6900000,0x00000000d6980000)
 ParOldGen       total 71680K, used 54055K [0x0000000080000000, 0x0000000084600000, 0x00000000d5580000)
  object space 71680K, 75% used [0x0000000080000000,0x00000000834c9d38,0x0000000084600000)
 Metaspace       used 58844K, committed 60224K, reserved 1114112K
  class space    used 6297K, committed 6912K, reserved 1048576K
}
Event: 70.344 GC heap after
{Heap after GC invocations=61 (full 3):
 PSYoungGen      total 14848K, used 484K [0x00000000d5580000, 0x00000000d6980000, 0x0000000100000000)
  eden space 14336K, 0% used [0x00000000d5580000,0x00000000d5580000,0x00000000d6380000)
  from space 512K, 94% used [0x00000000d6900000,0x00000000d6979230,0x00000000d6980000)
  to   space 1536K, 0% used [0x00000000d6680000,0x00000000d6680000,0x00000000d6800000)
 ParOldGen       total 71680K, used 54576K [0x0000000080000000, 0x0000000084600000, 0x00000000d5580000)
  object space 71680K, 76% used [0x0000000080000000,0x000000008354c1a8,0x0000000084600000)
 Metaspace       used 58844K, committed 60224K, reserved 1114112K
  class space    used 6297K, committed 6912K, reserved 1048576K
}
Event: 72.203 GC heap before
{Heap before GC invocations=62 (full 3):
 PSYoungGen      total 14848K, used 14820K [0x00000000d5580000, 0x00000000d6980000, 0x0000000100000000)
  eden space 14336K, 100% used [0x00000000d5580000,0x00000000d6380000,0x00000000d6380000)
  from space 512K, 94% used [0x00000000d6900000,0x00000000d6979230,0x00000000d6980000)
  to   space 1536K, 0% used [0x00000000d6680000,0x00000000d6680000,0x00000000d6800000)
 ParOldGen       total 71680K, used 54576K [0x0000000080000000, 0x0000000084600000, 0x00000000d5580000)
  object space 71680K, 76% used [0x0000000080000000,0x000000008354c1a8,0x0000000084600000)
 Metaspace       used 59012K, committed 60416K, reserved 1114112K
  class space    used 6297K, committed 6912K, reserved 1048576K
}
Event: 72.206 GC heap after
{Heap after GC invocations=62 (full 3):
 PSYoungGen      total 15872K, used 1056K [0x00000000d5580000, 0x00000000d6980000, 0x0000000100000000)
  eden space 14336K, 0% used [0x00000000d5580000,0x00000000d5580000,0x00000000d6380000)
  from space 1536K, 68% used [0x00000000d6680000,0x00000000d6788000,0x00000000d6800000)
  to   space 1536K, 0% used [0x00000000d6800000,0x00000000d6800000,0x00000000d6980000)
 ParOldGen       total 71680K, used 55057K [0x0000000080000000, 0x0000000084600000, 0x00000000d5580000)
  object space 71680K, 76% used [0x0000000080000000,0x00000000835c4740,0x0000000084600000)
 Metaspace       used 59012K, committed 60416K, reserved 1114112K
  class space    used 6297K, committed 6912K, reserved 1048576K
}
Event: 73.189 GC heap before
{Heap before GC invocations=63 (full 3):
 PSYoungGen      total 15872K, used 15390K [0x00000000d5580000, 0x00000000d6980000, 0x0000000100000000)
  eden space 14336K, 99% used [0x00000000d5580000,0x00000000d637fb40,0x00000000d6380000)
  from space 1536K, 68% used [0x00000000d6680000,0x00000000d6788000,0x00000000d6800000)
  to   space 1536K, 0% used [0x00000000d6800000,0x00000000d6800000,0x00000000d6980000)
 ParOldGen       total 71680K, used 55057K [0x0000000080000000, 0x0000000084600000, 0x00000000d5580000)
  object space 71680K, 76% used [0x0000000080000000,0x00000000835c4740,0x0000000084600000)
 Metaspace       used 59299K, committed 60736K, reserved 1114112K
  class space    used 6340K, committed 6976K, reserved 1048576K
}
Event: 73.192 GC heap after
{Heap after GC invocations=63 (full 3):
 PSYoungGen      total 15872K, used 1280K [0x00000000d5580000, 0x00000000d6980000, 0x0000000100000000)
  eden space 14336K, 0% used [0x00000000d5580000,0x00000000d5580000,0x00000000d6380000)
  from space 1536K, 83% used [0x00000000d6800000,0x00000000d6940000,0x00000000d6980000)
  to   space 1536K, 0% used [0x00000000d6680000,0x00000000d6680000,0x00000000d6800000)
 ParOldGen       total 71680K, used 55935K [0x0000000080000000, 0x0000000084600000, 0x00000000d5580000)
  object space 71680K, 78% used [0x0000000080000000,0x000000008369fee8,0x0000000084600000)
 Metaspace       used 59299K, committed 60736K, reserved 1114112K
  class space    used 6340K, committed 6976K, reserved 1048576K
}
Event: 73.459 GC heap before
{Heap before GC invocations=64 (full 3):
 PSYoungGen      total 15872K, used 15616K [0x00000000d5580000, 0x00000000d6980000, 0x0000000100000000)
  eden space 14336K, 100% used [0x00000000d5580000,0x00000000d6380000,0x00000000d6380000)
  from space 1536K, 83% used [0x00000000d6800000,0x00000000d6940000,0x00000000d6980000)
  to   space 1536K, 0% used [0x00000000d6680000,0x00000000d6680000,0x00000000d6800000)
 ParOldGen       total 71680K, used 55935K [0x0000000080000000, 0x0000000084600000, 0x00000000d5580000)
  object space 71680K, 78% used [0x0000000080000000,0x000000008369fee8,0x0000000084600000)
 Metaspace       used 59388K, committed 60800K, reserved 1114112K
  class space    used 6341K, committed 6976K, reserved 1048576K
}
Event: 73.463 GC heap after
{Heap after GC invocations=64 (full 3):
 PSYoungGen      total 15360K, used 768K [0x00000000d5580000, 0x00000000d6880000, 0x0000000100000000)
  eden space 14336K, 0% used [0x00000000d5580000,0x00000000d5580000,0x00000000d6380000)
  from space 1024K, 75% used [0x00000000d6680000,0x00000000d6740000,0x00000000d6780000)
  to   space 1024K, 0% used [0x00000000d6780000,0x00000000d6780000,0x00000000d6880000)
 ParOldGen       total 71680K, used 57076K [0x0000000080000000, 0x0000000084600000, 0x00000000d5580000)
  object space 71680K, 79% used [0x0000000080000000,0x00000000837bd3a0,0x0000000084600000)
 Metaspace       used 59388K, committed 60800K, reserved 1114112K
  class space    used 6341K, committed 6976K, reserved 1048576K
}
Event: 74.154 GC heap before
{Heap before GC invocations=65 (full 3):
 PSYoungGen      total 15360K, used 15104K [0x00000000d5580000, 0x00000000d6880000, 0x0000000100000000)
  eden space 14336K, 100% used [0x00000000d5580000,0x00000000d6380000,0x00000000d6380000)
  from space 1024K, 75% used [0x00000000d6680000,0x00000000d6740000,0x00000000d6780000)
  to   space 1024K, 0% used [0x00000000d6780000,0x00000000d6780000,0x00000000d6880000)
 ParOldGen       total 71680K, used 57076K [0x0000000080000000, 0x0000000084600000, 0x00000000d5580000)
  object space 71680K, 79% used [0x0000000080000000,0x00000000837bd3a0,0x0000000084600000)
 Metaspace       used 59526K, committed 60928K, reserved 1114112K
  class space    used 6345K, committed 6976K, reserved 1048576K
}
Event: 74.158 GC heap after
{Heap after GC invocations=65 (full 3):
 PSYoungGen      total 15360K, used 832K [0x00000000d5580000, 0x00000000d6880000, 0x0000000100000000)
  eden space 14336K, 0% used [0x00000000d5580000,0x00000000d5580000,0x00000000d6380000)
  from space 1024K, 81% used [0x00000000d6780000,0x00000000d6850000,0x00000000d6880000)
  to   space 1024K, 0% used [0x00000000d6680000,0x00000000d6680000,0x00000000d6780000)
 ParOldGen       total 71680K, used 57612K [0x0000000080000000, 0x0000000084600000, 0x00000000d5580000)
  object space 71680K, 80% used [0x0000000080000000,0x00000000838433a0,0x0000000084600000)
 Metaspace       used 59526K, committed 60928K, reserved 1114112K
  class space    used 6345K, committed 6976K, reserved 1048576K
}
Event: 75.788 GC heap before
{Heap before GC invocations=66 (full 3):
 PSYoungGen      total 15360K, used 15168K [0x00000000d5580000, 0x00000000d6880000, 0x0000000100000000)
  eden space 14336K, 100% used [0x00000000d5580000,0x00000000d6380000,0x00000000d6380000)
  from space 1024K, 81% used [0x00000000d6780000,0x00000000d6850000,0x00000000d6880000)
  to   space 1024K, 0% used [0x00000000d6680000,0x00000000d6680000,0x00000000d6780000)
 ParOldGen       total 71680K, used 57612K [0x0000000080000000, 0x0000000084600000, 0x00000000d5580000)
  object space 71680K, 80% used [0x0000000080000000,0x00000000838433a0,0x0000000084600000)
 Metaspace       used 59959K, committed 61376K, reserved 1114112K
  class space    used 6386K, committed 7040K, reserved 1048576K
}
Event: 75.795 GC heap after
{Heap after GC invocations=66 (full 3):
 PSYoungGen      total 14848K, used 506K [0x00000000d5580000, 0x00000000d6800000, 0x0000000100000000)
  eden space 14336K, 0% used [0x00000000d5580000,0x00000000d5580000,0x00000000d6380000)
  from space 512K, 98% used [0x00000000d6680000,0x00000000d66fe920,0x00000000d6700000)
  to   space 1024K, 0% used [0x00000000d6700000,0x00000000d6700000,0x00000000d6800000)
 ParOldGen       total 71680K, used 58364K [0x0000000080000000, 0x0000000084600000, 0x00000000d5580000)
  object space 71680K, 81% used [0x0000000080000000,0x00000000838ff150,0x0000000084600000)
 Metaspace       used 59959K, committed 61376K, reserved 1114112K
  class space    used 6386K, committed 7040K, reserved 1048576K
}

