# JRE version: OpenJDK Runtime Environment Temurin-21.0.12.1+1 (21.0.12.1+1) (build 21.0.12.1+1-LTS)
# Java VM: OpenJDK 64-Bit Server VM Temurin-21.0.12.1+1 (21.0.12.1+1-LTS, mixed mode, sharing, tiered, compressed oops, compressed class ptrs, parallel gc, windows-amd64)
GC Precious Log:
 CardTable entry size: 512
 CPUs: 8 total, 8 available
 Memory: 3971M
 Large Page Support: Disabled
 NUMA Support: Disabled
 Compressed Oops: Enabled (32-bit)
 Alignments: Space 512K, Generation 512K, Heap 2M
 Heap Min Capacity: 100M
 Heap Initial Capacity: 100M
 Heap Max Capacity: 2G
 Pre-touch: Disabled
 Parallel Workers: 8
Heap:
 PSYoungGen      total 23552K, used 6025K [0x00000000d5580000, 0x00000000d7600000, 0x0000000100000000)
  eden space 22016K, 20% used [0x00000000d5580000,0x00000000d59e46f0,0x00000000d6b00000)
  from space 1536K, 99% used [0x00000000d6b00000,0x00000000d6c7e068,0x00000000d6c80000)
  to   space 5632K, 0% used [0x00000000d7080000,0x00000000d7080000,0x00000000d7600000)
 ParOldGen       total 68608K, used 25383K [0x0000000080000000, 0x0000000084300000, 0x00000000d5580000)
  object space 68608K, 36% used [0x0000000080000000,0x00000000818c9ff0,0x0000000084300000)
 Metaspace       used 43503K, committed 44864K, reserved 1114112K
  class space    used 4708K, committed 5312K, reserved 1048576K
GC Heap History (20 events):
Event: 18.332 GC heap before
{Heap before GC invocations=10 (full 1):
 PSYoungGen      total 27136K, used 26974K [0x00000000d5580000, 0x00000000d7600000, 0x0000000100000000)
  eden space 24064K, 99% used [0x00000000d5580000,0x00000000d6cf8368,0x00000000d6d00000)
  from space 3072K, 95% used [0x00000000d7300000,0x00000000d75df518,0x00000000d7600000)
  to   space 3584K, 0% used [0x00000000d6f00000,0x00000000d6f00000,0x00000000d7280000)
 ParOldGen       total 68608K, used 13090K [0x0000000080000000, 0x0000000084300000, 0x00000000d5580000)
  object space 68608K, 19% used [0x0000000080000000,0x0000000080cc89d8,0x0000000084300000)
 Metaspace       used 26432K, committed 27456K, reserved 1114112K
  class space    used 2709K, committed 3200K, reserved 1048576K
}
Event: 18.336 GC heap after
{Heap after GC invocations=10 (full 1):
 PSYoungGen      total 25600K, used 1581K [0x00000000d5580000, 0x00000000d7380000, 0x0000000100000000)
  eden space 23552K, 0% used [0x00000000d5580000,0x00000000d5580000,0x00000000d6c80000)
  from space 2048K, 77% used [0x00000000d6f00000,0x00000000d708b410,0x00000000d7100000)
  to   space 2560K, 0% used [0x00000000d7100000,0x00000000d7100000,0x00000000d7380000)
 ParOldGen       total 68608K, used 13098K [0x0000000080000000, 0x0000000084300000, 0x00000000d5580000)
  object space 68608K, 19% used [0x0000000080000000,0x0000000080cca9d8,0x0000000084300000)
 Metaspace       used 26432K, committed 27456K, reserved 1114112K
  class space    used 2709K, committed 3200K, reserved 1048576K
}
Event: 18.756 GC heap before
{Heap before GC invocations=11 (full 1):
 PSYoungGen      total 25600K, used 25133K [0x00000000d5580000, 0x00000000d7380000, 0x0000000100000000)
  eden space 23552K, 100% used [0x00000000d5580000,0x00000000d6c80000,0x00000000d6c80000)
  from space 2048K, 77% used [0x00000000d6f00000,0x00000000d708b410,0x00000000d7100000)
  to   space 2560K, 0% used [0x00000000d7100000,0x00000000d7100000,0x00000000d7380000)
 ParOldGen       total 68608K, used 13098K [0x0000000080000000, 0x0000000084300000, 0x00000000d5580000)
  object space 68608K, 19% used [0x0000000080000000,0x0000000080cca9d8,0x0000000084300000)
 Metaspace       used 28208K, committed 29184K, reserved 1114112K
  class space    used 2847K, committed 3328K, reserved 1048576K
}
Event: 18.761 GC heap after
{Heap after GC invocations=11 (full 1):
 PSYoungGen      total 25600K, used 2344K [0x00000000d5580000, 0x00000000d7380000, 0x0000000100000000)
  eden space 23040K, 0% used [0x00000000d5580000,0x00000000d5580000,0x00000000d6c00000)
  from space 2560K, 91% used [0x00000000d7100000,0x00000000d734a2b0,0x00000000d7380000)
  to   space 2560K, 0% used [0x00000000d6e80000,0x00000000d6e80000,0x00000000d7100000)
 ParOldGen       total 68608K, used 14028K [0x0000000080000000, 0x0000000084300000, 0x00000000d5580000)
  object space 68608K, 20% used [0x0000000080000000,0x0000000080db3068,0x0000000084300000)
 Metaspace       used 28208K, committed 29184K, reserved 1114112K
  class space    used 2847K, committed 3328K, reserved 1048576K
}
Event: 20.260 GC heap before
{Heap before GC invocations=12 (full 1):
 PSYoungGen      total 25600K, used 25384K [0x00000000d5580000, 0x00000000d7380000, 0x0000000100000000)
  eden space 23040K, 100% used [0x00000000d5580000,0x00000000d6c00000,0x00000000d6c00000)
  from space 2560K, 91% used [0x00000000d7100000,0x00000000d734a2b0,0x00000000d7380000)
  to   space 2560K, 0% used [0x00000000d6e80000,0x00000000d6e80000,0x00000000d7100000)
 ParOldGen       total 68608K, used 14028K [0x0000000080000000, 0x0000000084300000, 0x00000000d5580000)
  object space 68608K, 20% used [0x0000000080000000,0x0000000080db3068,0x0000000084300000)
 Metaspace       used 30976K, committed 32000K, reserved 1114112K
  class space    used 3179K, committed 3648K, reserved 1048576K
}
Event: 20.266 GC heap after
{Heap after GC invocations=12 (full 1):
 PSYoungGen      total 24064K, used 1476K [0x00000000d5580000, 0x00000000d7180000, 0x0000000100000000)
  eden space 22528K, 0% used [0x00000000d5580000,0x00000000d5580000,0x00000000d6b80000)
  from space 1536K, 96% used [0x00000000d6e80000,0x00000000d6ff1310,0x00000000d7000000)
  to   space 1536K, 0% used [0x00000000d7000000,0x00000000d7000000,0x00000000d7180000)
 ParOldGen       total 68608K, used 16180K [0x0000000080000000, 0x0000000084300000, 0x00000000d5580000)
  object space 68608K, 23% used [0x0000000080000000,0x0000000080fcd360,0x0000000084300000)
 Metaspace       used 30976K, committed 32000K, reserved 1114112K
  class space    used 3179K, committed 3648K, reserved 1048576K
}
Event: 22.000 GC heap before
{Heap before GC invocations=13 (full 1):
 PSYoungGen      total 24064K, used 24004K [0x00000000d5580000, 0x00000000d7180000, 0x0000000100000000)
  eden space 22528K, 100% used [0x00000000d5580000,0x00000000d6b80000,0x00000000d6b80000)
  from space 1536K, 96% used [0x00000000d6e80000,0x00000000d6ff1310,0x00000000d7000000)
  to   space 1536K, 0% used [0x00000000d7000000,0x00000000d7000000,0x00000000d7180000)
 ParOldGen       total 68608K, used 16180K [0x0000000080000000, 0x0000000084300000, 0x00000000d5580000)
  object space 68608K, 23% used [0x0000000080000000,0x0000000080fcd360,0x0000000084300000)
 Metaspace       used 33481K, committed 34624K, reserved 1114112K
  class space    used 3470K, committed 3968K, reserved 1048576K
}
Event: 22.003 GC heap after
{Heap after GC invocations=13 (full 1):
 PSYoungGen      total 23552K, used 1533K [0x00000000d5580000, 0x00000000d7200000, 0x0000000100000000)
  eden space 22016K, 0% used [0x00000000d5580000,0x00000000d5580000,0x00000000d6b00000)
  from space 1536K, 99% used [0x00000000d7000000,0x00000000d717f520,0x00000000d7180000)
  to   space 3584K, 0% used [0x00000000d6b00000,0x00000000d6b00000,0x00000000d6e80000)
 ParOldGen       total 68608K, used 17532K [0x0000000080000000, 0x0000000084300000, 0x00000000d5580000)
  object space 68608K, 25% used [0x0000000080000000,0x000000008111f0e8,0x0000000084300000)
 Metaspace       used 33481K, committed 34624K, reserved 1114112K
  class space    used 3470K, committed 3968K, reserved 1048576K
}
Event: 22.189 GC heap before
{Heap before GC invocations=14 (full 1):
 PSYoungGen      total 23552K, used 13766K [0x00000000d5580000, 0x00000000d7200000, 0x0000000100000000)
  eden space 22016K, 55% used [0x00000000d5580000,0x00000000d61722f0,0x00000000d6b00000)
  from space 1536K, 99% used [0x00000000d7000000,0x00000000d717f520,0x00000000d7180000)
  to   space 3584K, 0% used [0x00000000d6b00000,0x00000000d6b00000,0x00000000d6e80000)
 ParOldGen       total 68608K, used 17532K [0x0000000080000000, 0x0000000084300000, 0x00000000d5580000)
  object space 68608K, 25% used [0x0000000080000000,0x000000008111f0e8,0x0000000084300000)
 Metaspace       used 34696K, committed 35840K, reserved 1114112K
  class space    used 3620K, committed 4160K, reserved 1048576K
}
Event: 22.193 GC heap after
{Heap after GC invocations=14 (full 1):
 PSYoungGen      total 25600K, used 801K [0x00000000d5580000, 0x00000000d7080000, 0x0000000100000000)
  eden space 22016K, 0% used [0x00000000d5580000,0x00000000d5580000,0x00000000d6b00000)
  from space 3584K, 22% used [0x00000000d6b00000,0x00000000d6bc8400,0x00000000d6e80000)
  to   space 2048K, 0% used [0x00000000d6e80000,0x00000000d6e80000,0x00000000d7080000)
 ParOldGen       total 68608K, used 18871K [0x0000000080000000, 0x0000000084300000, 0x00000000d5580000)
  object space 68608K, 27% used [0x0000000080000000,0x000000008126dd28,0x0000000084300000)
 Metaspace       used 34696K, committed 35840K, reserved 1114112K
  class space    used 3620K, committed 4160K, reserved 1048576K
}
Event: 22.193 GC heap before
{Heap before GC invocations=15 (full 2):
 PSYoungGen      total 25600K, used 801K [0x00000000d5580000, 0x00000000d7080000, 0x0000000100000000)
  eden space 22016K, 0% used [0x00000000d5580000,0x00000000d5580000,0x00000000d6b00000)
  from space 3584K, 22% used [0x00000000d6b00000,0x00000000d6bc8400,0x00000000d6e80000)
  to   space 2048K, 0% used [0x00000000d6e80000,0x00000000d6e80000,0x00000000d7080000)
 ParOldGen       total 68608K, used 18871K [0x0000000080000000, 0x0000000084300000, 0x00000000d5580000)
  object space 68608K, 27% used [0x0000000080000000,0x000000008126dd28,0x0000000084300000)
 Metaspace       used 34696K, committed 35840K, reserved 1114112K
  class space    used 3620K, committed 4160K, reserved 1048576K
}
Event: 22.269 GC heap after
{Heap after GC invocations=15 (full 2):
 PSYoungGen      total 25600K, used 0K [0x00000000d5580000, 0x00000000d7080000, 0x0000000100000000)
  eden space 22016K, 0% used [0x00000000d5580000,0x00000000d5580000,0x00000000d6b00000)
  from space 3584K, 0% used [0x00000000d6b00000,0x00000000d6b00000,0x00000000d6e80000)
  to   space 2048K, 0% used [0x00000000d6e80000,0x00000000d6e80000,0x00000000d7080000)
 ParOldGen       total 68608K, used 18637K [0x0000000080000000, 0x0000000084300000, 0x00000000d5580000)
  object space 68608K, 27% used [0x0000000080000000,0x00000000812336e0,0x0000000084300000)
 Metaspace       used 34696K, committed 35840K, reserved 1114112K
  class space    used 3620K, committed 4160K, reserved 1048576K
}
Event: 22.934 GC heap before
{Heap before GC invocations=16 (full 2):
 PSYoungGen      total 25600K, used 22016K [0x00000000d5580000, 0x00000000d7080000, 0x0000000100000000)
  eden space 22016K, 100% used [0x00000000d5580000,0x00000000d6b00000,0x00000000d6b00000)
  from space 3584K, 0% used [0x00000000d6b00000,0x00000000d6b00000,0x00000000d6e80000)
  to   space 2048K, 0% used [0x00000000d6e80000,0x00000000d6e80000,0x00000000d7080000)
 ParOldGen       total 68608K, used 18637K [0x0000000080000000, 0x0000000084300000, 0x00000000d5580000)
  object space 68608K, 27% used [0x0000000080000000,0x00000000812336e0,0x0000000084300000)
 Metaspace       used 36974K, committed 38144K, reserved 1114112K
  class space    used 3903K, committed 4416K, reserved 1048576K
}
Event: 22.940 GC heap after
{Heap after GC invocations=16 (full 2):
 PSYoungGen      total 24064K, used 2032K [0x00000000d5580000, 0x00000000d7100000, 0x0000000100000000)
  eden space 22016K, 0% used [0x00000000d5580000,0x00000000d5580000,0x00000000d6b00000)
  from space 2048K, 99% used [0x00000000d6e80000,0x00000000d707c010,0x00000000d7080000)
  to   space 3072K, 0% used [0x00000000d6b00000,0x00000000d6b00000,0x00000000d6e00000)
 ParOldGen       total 68608K, used 19229K [0x0000000080000000, 0x0000000084300000, 0x00000000d5580000)
  object space 68608K, 28% used [0x0000000080000000,0x00000000812c76e0,0x0000000084300000)
 Metaspace       used 36974K, committed 38144K, reserved 1114112K
  class space    used 3903K, committed 4416K, reserved 1048576K
}
Event: 24.090 GC heap before
{Heap before GC invocations=17 (full 2):
 PSYoungGen      total 24064K, used 24040K [0x00000000d5580000, 0x00000000d7100000, 0x0000000100000000)
  eden space 22016K, 99% used [0x00000000d5580000,0x00000000d6afe088,0x00000000d6b00000)
  from space 2048K, 99% used [0x00000000d6e80000,0x00000000d707c010,0x00000000d7080000)
  to   space 3072K, 0% used [0x00000000d6b00000,0x00000000d6b00000,0x00000000d6e00000)
 ParOldGen       total 68608K, used 19229K [0x0000000080000000, 0x0000000084300000, 0x00000000d5580000)
  object space 68608K, 28% used [0x0000000080000000,0x00000000812c76e0,0x0000000084300000)
 Metaspace       used 38905K, committed 40192K, reserved 1114112K
  class space    used 4137K, committed 4736K, reserved 1048576K
}
Event: 24.097 GC heap after
{Heap after GC invocations=17 (full 2):
 PSYoungGen      total 23552K, used 1164K [0x00000000d5580000, 0x00000000d6f00000, 0x0000000100000000)
  eden space 22016K, 0% used [0x00000000d5580000,0x00000000d5580000,0x00000000d6b00000)
  from space 1536K, 75% used [0x00000000d6b00000,0x00000000d6c233e8,0x00000000d6c80000)
  to   space 2048K, 0% used [0x00000000d6d00000,0x00000000d6d00000,0x00000000d6f00000)
 ParOldGen       total 68608K, used 21058K [0x0000000080000000, 0x0000000084300000, 0x00000000d5580000)
  object space 68608K, 30% used [0x0000000080000000,0x0000000081490820,0x0000000084300000)
 Metaspace       used 38905K, committed 40192K, reserved 1114112K
  class space    used 4137K, committed 4736K, reserved 1048576K
}
Event: 26.717 GC heap before
{Heap before GC invocations=18 (full 2):
 PSYoungGen      total 23552K, used 23180K [0x00000000d5580000, 0x00000000d6f00000, 0x0000000100000000)
  eden space 22016K, 100% used [0x00000000d5580000,0x00000000d6b00000,0x00000000d6b00000)
  from space 1536K, 75% used [0x00000000d6b00000,0x00000000d6c233e8,0x00000000d6c80000)
  to   space 2048K, 0% used [0x00000000d6d00000,0x00000000d6d00000,0x00000000d6f00000)
 ParOldGen       total 68608K, used 21058K [0x0000000080000000, 0x0000000084300000, 0x00000000d5580000)
  object space 68608K, 30% used [0x0000000080000000,0x0000000081490820,0x0000000084300000)
 Metaspace       used 41287K, committed 42560K, reserved 1114112K
  class space    used 4414K, committed 4992K, reserved 1048576K
}
Event: 26.725 GC heap after
{Heap after GC invocations=18 (full 2):
 PSYoungGen      total 23040K, used 992K [0x00000000d5580000, 0x00000000d6e00000, 0x0000000100000000)
  eden space 22016K, 0% used [0x00000000d5580000,0x00000000d5580000,0x00000000d6b00000)
  from space 1024K, 96% used [0x00000000d6d00000,0x00000000d6df8000,0x00000000d6e00000)
  to   space 1536K, 0% used [0x00000000d6b00000,0x00000000d6b00000,0x00000000d6c80000)
 ParOldGen       total 68608K, used 22040K [0x0000000080000000, 0x0000000084300000, 0x00000000d5580000)
  object space 68608K, 32% used [0x0000000080000000,0x0000000081586150,0x0000000084300000)
 Metaspace       used 41287K, committed 42560K, reserved 1114112K
  class space    used 4414K, committed 4992K, reserved 1048576K
}
Event: 28.256 GC heap before
{Heap before GC invocations=19 (full 2):
 PSYoungGen      total 23040K, used 23008K [0x00000000d5580000, 0x00000000d6e00000, 0x0000000100000000)
  eden space 22016K, 100% used [0x00000000d5580000,0x00000000d6b00000,0x00000000d6b00000)
  from space 1024K, 96% used [0x00000000d6d00000,0x00000000d6df8000,0x00000000d6e00000)
  to   space 1536K, 0% used [0x00000000d6b00000,0x00000000d6b00000,0x00000000d6c80000)
 ParOldGen       total 68608K, used 22040K [0x0000000080000000, 0x0000000084300000, 0x00000000d5580000)
  object space 68608K, 32% used [0x0000000080000000,0x0000000081586150,0x0000000084300000)
 Metaspace       used 42854K, committed 44096K, reserved 1114112K
  class space    used 4622K, committed 5184K, reserved 1048576K
}
Event: 28.262 GC heap after
{Heap after GC invocations=19 (full 2):
 PSYoungGen      total 23552K, used 1528K [0x00000000d5580000, 0x00000000d7600000, 0x0000000100000000)
  eden space 22016K, 0% used [0x00000000d5580000,0x00000000d5580000,0x00000000d6b00000)
  from space 1536K, 99% used [0x00000000d6b00000,0x00000000d6c7e068,0x00000000d6c80000)
  to   space 5632K, 0% used [0x00000000d7080000,0x00000000d7080000,0x00000000d7600000)
 ParOldGen       total 68608K, used 25383K [0x0000000080000000, 0x0000000084300000, 0x00000000d5580000)
  object space 68608K, 36% used [0x0000000080000000,0x00000000818c9ff0,0x0000000084300000)
 Metaspace       used 42854K, committed 44096K, reserved 1114112K
  class space    used 4622K, committed 5184K, reserved 1048576K
}

